<?xml version="1.0" encoding="UTF-8"?>
<!-- Generated by org.testng.reporters.JUnitXMLReporter -->
<testsuite ignored="0" hostname="LAPTOP-OGS2JTKP" failures="0" tests="4" name="Default test" time="18.692" errors="0" timestamp="2024-07-03T21:21:43 IST">
  <testcase classname="test.ProductSearchTest" name="verifyAfterclickonLoginPopupShouldDisplay" time="0.217"/>
  <testcase classname="test.ProductSearchTest" name="verifyAfterclickonTrackOrderpageshouldBeREDIRECT" time="0.999"/>
  <testcase classname="test.ProductSearchTest" name="verifyIfuserabletoSearchProduct" time="0.962"/>
  <testcase classname="test.ProductSearchTest" name="verifyShoppingCategoriesShouldDisplay" time="0.254"/>
</testsuite> <!-- Default test -->
