<?xml version="1.0" encoding="UTF-8"?>
<!-- Generated by org.testng.reporters.JUnitXMLReporter -->
<testsuite ignored="0" hostname="LAPTOP-OGS2JTKP" failures="0" tests="4" name="Default test" time="28.881" errors="0" timestamp="2024-07-02T23:49:08 IST">
  <testcase classname="test.ProductSearchTest" name="verifyAfterclickonLoginPopupShouldDisplay" time="0.31"/>
  <testcase classname="test.ProductSearchTest" name="verifyAfterclickonTrackOrderpageshouldBeREDIRECT" time="1.126"/>
  <testcase classname="test.ProductSearchTest" name="verifyIfuserabletoSearchProduct" time="1.564"/>
  <testcase classname="test.ProductSearchTest" name="verifyShoppingCategoriesShouldDisplay" time="0.294"/>
</testsuite> <!-- Default test -->
