<?xml version="1.0" encoding="UTF-8"?>
<testng-results ignored="0" total="1" passed="1" failed="0" skipped="0">
  <reporter-output>
  </reporter-output>
  <suite started-at="2024-06-24T20:46:39 IST" name="Default suite" finished-at="2024-06-24T20:46:49 IST" duration-ms="9865">
    <groups>
    </groups>
    <test started-at="2024-06-24T20:46:39 IST" name="Default test" finished-at="2024-06-24T20:46:49 IST" duration-ms="9865">
      <class name="test.ViewProductDetails">
        <test-method is-config="true" signature="openApplication()[pri:0, instance:test.ViewProductDetails@639c2c1d]" started-at="2024-06-24T20:46:39 IST" name="openApplication" finished-at="2024-06-24T20:46:47 IST" duration-ms="8036" status="PASS">
          <reporter-output>
          </reporter-output>
        </test-method> <!-- openApplication -->
        <test-method signature="verifyIfUserIsViewProductDetailsFromQuickView()[pri:0, instance:test.ViewProductDetails@639c2c1d]" started-at="2024-06-24T20:46:47 IST" name="verifyIfUserIsViewProductDetailsFromQuickView" finished-at="2024-06-24T20:46:49 IST" duration-ms="1785" status="PASS">
          <reporter-output>
          </reporter-output>
        </test-method> <!-- verifyIfUserIsViewProductDetailsFromQuickView -->
      </class> <!-- test.ViewProductDetails -->
    </test> <!-- Default test -->
  </suite> <!-- Default suite -->
</testng-results>
