<?xml version="1.0" encoding="UTF-8"?>
<testng-results ignored="0" total="4" passed="4" failed="0" skipped="0">
  <reporter-output>
  </reporter-output>
  <suite started-at="2024-07-03T21:21:25 IST" name="Default suite" finished-at="2024-07-03T21:21:43 IST" duration-ms="18692">
    <groups>
    </groups>
    <test started-at="2024-07-03T21:21:25 IST" name="Default test" finished-at="2024-07-03T21:21:43 IST" duration-ms="18692">
      <class name="test.ProductSearchTest">
        <test-method is-config="true" signature="configureReporting()[pri:0, instance:test.ProductSearchTest@662ac478]" started-at="2024-07-03T21:21:25 IST" name="configureReporting" finished-at="2024-07-03T21:21:25 IST" duration-ms="242" status="PASS">
          <reporter-output>
          </reporter-output>
        </test-method> <!-- configureReporting -->
        <test-method is-config="true" signature="openApplication()[pri:0, instance:test.ProductSearchTest@662ac478]" started-at="2024-07-03T21:21:25 IST" name="openApplication" finished-at="2024-07-03T21:21:30 IST" duration-ms="4962" status="PASS">
          <reporter-output>
          </reporter-output>
        </test-method> <!-- openApplication -->
        <test-method signature="verifyAfterclickonLoginPopupShouldDisplay()[pri:0, instance:test.ProductSearchTest@662ac478]" started-at="2024-07-03T21:21:30 IST" name="verifyAfterclickonLoginPopupShouldDisplay" finished-at="2024-07-03T21:21:30 IST" duration-ms="217" status="PASS">
          <reporter-output>
          </reporter-output>
        </test-method> <!-- verifyAfterclickonLoginPopupShouldDisplay -->
        <test-method is-config="true" signature="closeBrowser()[pri:0, instance:test.ProductSearchTest@662ac478]" started-at="2024-07-03T21:21:30 IST" name="closeBrowser" finished-at="2024-07-03T21:21:30 IST" duration-ms="348" status="PASS">
          <reporter-output>
          </reporter-output>
        </test-method> <!-- closeBrowser -->
        <test-method is-config="true" signature="openApplication()[pri:0, instance:test.ProductSearchTest@662ac478]" started-at="2024-07-03T21:21:30 IST" name="openApplication" finished-at="2024-07-03T21:21:34 IST" duration-ms="3264" status="PASS">
          <reporter-output>
          </reporter-output>
        </test-method> <!-- openApplication -->
        <test-method signature="verifyAfterclickonTrackOrderpageshouldBeREDIRECT()[pri:0, instance:test.ProductSearchTest@662ac478]" started-at="2024-07-03T21:21:34 IST" name="verifyAfterclickonTrackOrderpageshouldBeREDIRECT" finished-at="2024-07-03T21:21:35 IST" duration-ms="999" status="PASS">
          <reporter-output>
          </reporter-output>
        </test-method> <!-- verifyAfterclickonTrackOrderpageshouldBeREDIRECT -->
        <test-method is-config="true" signature="closeBrowser()[pri:0, instance:test.ProductSearchTest@662ac478]" started-at="2024-07-03T21:21:35 IST" name="closeBrowser" finished-at="2024-07-03T21:21:35 IST" duration-ms="430" status="PASS">
          <reporter-output>
          </reporter-output>
        </test-method> <!-- closeBrowser -->
        <test-method is-config="true" signature="openApplication()[pri:0, instance:test.ProductSearchTest@662ac478]" started-at="2024-07-03T21:21:35 IST" name="openApplication" finished-at="2024-07-03T21:21:38 IST" duration-ms="3040" status="PASS">
          <reporter-output>
          </reporter-output>
        </test-method> <!-- openApplication -->
        <test-method signature="verifyIfuserabletoSearchProduct()[pri:0, instance:test.ProductSearchTest@662ac478]" started-at="2024-07-03T21:21:38 IST" name="verifyIfuserabletoSearchProduct" finished-at="2024-07-03T21:21:39 IST" duration-ms="962" status="PASS">
          <reporter-output>
          </reporter-output>
        </test-method> <!-- verifyIfuserabletoSearchProduct -->
        <test-method is-config="true" signature="closeBrowser()[pri:0, instance:test.ProductSearchTest@662ac478]" started-at="2024-07-03T21:21:39 IST" name="closeBrowser" finished-at="2024-07-03T21:21:40 IST" duration-ms="361" status="PASS">
          <reporter-output>
          </reporter-output>
        </test-method> <!-- closeBrowser -->
        <test-method is-config="true" signature="openApplication()[pri:0, instance:test.ProductSearchTest@662ac478]" started-at="2024-07-03T21:21:40 IST" name="openApplication" finished-at="2024-07-03T21:21:43 IST" duration-ms="3051" status="PASS">
          <reporter-output>
          </reporter-output>
        </test-method> <!-- openApplication -->
        <test-method signature="verifyShoppingCategoriesShouldDisplay()[pri:0, instance:test.ProductSearchTest@662ac478]" started-at="2024-07-03T21:21:43 IST" name="verifyShoppingCategoriesShouldDisplay" finished-at="2024-07-03T21:21:43 IST" duration-ms="254" status="PASS">
          <reporter-output>
          </reporter-output>
        </test-method> <!-- verifyShoppingCategoriesShouldDisplay -->
        <test-method is-config="true" signature="closeBrowser()[pri:0, instance:test.ProductSearchTest@662ac478]" started-at="2024-07-03T21:21:43 IST" name="closeBrowser" finished-at="2024-07-03T21:21:43 IST" duration-ms="170" status="PASS">
          <reporter-output>
          </reporter-output>
        </test-method> <!-- closeBrowser -->
        <test-method is-config="true" signature="publishReport()[pri:0, instance:test.ProductSearchTest@662ac478]" started-at="2024-07-03T21:21:43 IST" name="publishReport" finished-at="2024-07-03T21:21:43 IST" duration-ms="337" status="PASS">
          <reporter-output>
          </reporter-output>
        </test-method> <!-- publishReport -->
      </class> <!-- test.ProductSearchTest -->
    </test> <!-- Default test -->
  </suite> <!-- Default suite -->
</testng-results>
